安卓/SouceCode3/javaapkcomcampus_life/build/outputs/logs/manifest-merger-debug-report.txt
-- Merging decision tree log ---
manifest
ADDED from src\main\AndroidManifest.xml:2:1-55:12
	package
		ADDED from src\main\AndroidManifest.xml:3:5-40
		INJECTED from src\main\AndroidManifest.xml
		INJECTED from src\main\AndroidManifest.xml
	android:versionName
		ADDED from src\main\AndroidManifest.xml:5:5-30
		INJECTED from src\main\AndroidManifest.xml
		INJECTED from src\main\AndroidManifest.xml
	android:versionCode
		ADDED from src\main\AndroidManifest.xml:4:5-28
		INJECTED from src\main\AndroidManifest.xml
		INJECTED from src\main\AndroidManifest.xml
	xmlns:android
		ADDED from src\main\AndroidManifest.xml:2:11-69
uses-sdk
ADDED from src\main\AndroidManifest.xml:7:5-9:41
MERGED from [SouceCode3:library:unspecified] AndroidManifest.xml:7:5-9:40
MERGED from [com.android.support:cardview-v7:21.0.3] AndroidManifest.xml:15:5-42
	android:targetSdkVersion
		ADDED from src\main\AndroidManifest.xml:9:9-38
		INJECTED from src\main\AndroidManifest.xml
		INJECTED from src\main\AndroidManifest.xml
	android:minSdkVersion
		ADDED from src\main\AndroidManifest.xml:8:9-35
		INJECTED from src\main\AndroidManifest.xml
		INJECTED from src\main\AndroidManifest.xml
uses-permission#android.permission.INTERNET
ADDED from src\main\AndroidManifest.xml:10:5-67
	android:name
		ADDED from src\main\AndroidManifest.xml:10:22-64
uses-permission#android.permission.ACCESS_NETWORK_STATE
ADDED from src\main\AndroidManifest.xml:11:5-79
	android:name
		ADDED from src\main\AndroidManifest.xml:11:22-76
uses-permission#android.permission.MOUNT_UNMOUNT_FILESYSTEMS
ADDED from src\main\AndroidManifest.xml:12:5-84
	android:name
		ADDED from src\main\AndroidManifest.xml:12:22-81
uses-permission#android.permission.WRITE_EXTERNAL_STORAGE
ADDED from src\main\AndroidManifest.xml:13:5-81
	android:name
		ADDED from src\main\AndroidManifest.xml:13:22-78
uses-permission#android.permission.CALL_PHONE
ADDED from src\main\AndroidManifest.xml:14:5-69
	android:name
		ADDED from src\main\AndroidManifest.xml:14:22-66
uses-permission#android.permission.SEND_SMS
ADDED from src\main\AndroidManifest.xml:15:5-67
	android:name
		ADDED from src\main\AndroidManifest.xml:15:22-64
application
ADDED from src\main\AndroidManifest.xml:17:5-53:19
MERGED from [com.android.support:cardview-v7:21.0.3] AndroidManifest.xml:16:5-19
	android:label
		ADDED from src\main\AndroidManifest.xml:21:9-27
	android:allowBackup
		ADDED from src\main\AndroidManifest.xml:19:9-35
	android:icon
		ADDED from src\main\AndroidManifest.xml:20:9-40
	android:theme
		ADDED from src\main\AndroidManifest.xml:22:9-62
	android:name
		ADDED from src\main\AndroidManifest.xml:18:9-59
activity#com.team7.app.campus_life.MainActivity
ADDED from src\main\AndroidManifest.xml:23:9-33:20
	android:screenOrientation
		ADDED from src\main\AndroidManifest.xml:27:13-49
	android:configChanges
		ADDED from src\main\AndroidManifest.xml:26:13-83
	android:theme
		ADDED from src\main\AndroidManifest.xml:25:13-52
	android:name
		ADDED from src\main\AndroidManifest.xml:24:13-66
intent-filter#android.intent.action.MAIN+android.intent.category.LAUNCHER
ADDED from src\main\AndroidManifest.xml:28:13-32:29
action#android.intent.action.MAIN
ADDED from src\main\AndroidManifest.xml:29:17-69
	android:name
		ADDED from src\main\AndroidManifest.xml:29:25-66
category#android.intent.category.LAUNCHER
ADDED from src\main\AndroidManifest.xml:31:17-77
	android:name
		ADDED from src\main\AndroidManifest.xml:31:27-74
activity#com.team7.app.lock.SetPasswordActivity
ADDED from src\main\AndroidManifest.xml:34:9-37:52
	android:screenOrientation
		ADDED from src\main\AndroidManifest.xml:37:13-49
	android:configChanges
		ADDED from src\main\AndroidManifest.xml:36:13-83
	android:name
		ADDED from src\main\AndroidManifest.xml:35:13-66
activity#com.team7.app.campus_life.PersonnalActivity
ADDED from src\main\AndroidManifest.xml:38:9-80
	android:name
		ADDED from src\main\AndroidManifest.xml:38:19-77
activity#com.team7.app.campus_life.LoginActivity
ADDED from src\main\AndroidManifest.xml:39:9-76
	android:name
		ADDED from src\main\AndroidManifest.xml:39:19-73
activity#com.team7.app.campus_life.UserRegisterActivity
ADDED from src\main\AndroidManifest.xml:40:9-83
	android:name
		ADDED from src\main\AndroidManifest.xml:40:19-80
activity#com.team7.app.campus_life.ReleaseActivity
ADDED from src\main\AndroidManifest.xml:41:9-78
	android:name
		ADDED from src\main\AndroidManifest.xml:41:19-75
activity#com.team7.app.campus_life.MyReleaseActivity
ADDED from src\main\AndroidManifest.xml:42:9-80
	android:name
		ADDED from src\main\AndroidManifest.xml:42:19-77
activity#com.team7.app.campus_life.ShopInfoActivity
ADDED from src\main\AndroidManifest.xml:43:9-79
	android:name
		ADDED from src\main\AndroidManifest.xml:43:19-76
activity#com.team7.app.campus_life.PicturePreview
ADDED from src\main\AndroidManifest.xml:44:9-77
	android:name
		ADDED from src\main\AndroidManifest.xml:44:19-74
activity#com.team7.app.campus_life.ShopListActivity
ADDED from src\main\AndroidManifest.xml:45:9-79
	android:name
		ADDED from src\main\AndroidManifest.xml:45:19-76
activity#com.team7.app.campus_life.LeaveMessageActivity
ADDED from src\main\AndroidManifest.xml:46:9-83
	android:name
		ADDED from src\main\AndroidManifest.xml:46:19-80
activity#com.team7.app.campus_life.MyMsgActivity
ADDED from src\main\AndroidManifest.xml:47:9-76
	android:name
		ADDED from src\main\AndroidManifest.xml:47:19-73
activity#com.team7.app.campus_life.MyCollectionActivity
ADDED from src\main\AndroidManifest.xml:48:9-83
	android:name
		ADDED from src\main\AndroidManifest.xml:48:19-80
activity#com.team7.app.campus_life.LookActivity
ADDED from src\main\AndroidManifest.xml:49:9-75
	android:name
		ADDED from src\main\AndroidManifest.xml:49:19-72
activity#com.team7.app.campus_life.MyLookActivity
ADDED from src\main\AndroidManifest.xml:50:9-77
	android:name
		ADDED from src\main\AndroidManifest.xml:50:19-74
activity#com.team7.app.campus_life.LookInfoActivity
ADDED from src\main\AndroidManifest.xml:51:9-79
	android:name
		ADDED from src\main\AndroidManifest.xml:51:19-76
activity#com.team7.app.campus_life.LookListActivity
ADDED from src\main\AndroidManifest.xml:52:9-79
	android:name
		ADDED from src\main\AndroidManifest.xml:52:19-76